<?xml version="1.0" encoding="UTF-8"?>
<!-- Generated by org.testng.reporters.JUnitXMLReporter -->
<testsuite hostname="LAPTOP-UC8NRPBF" ignored="1" name="Default test" tests="4" failures="0" timestamp="2021-11-13T02:31:21 IST" time="78.303" errors="0">
  <testcase name="fourthcase" time="22.112" classname="testcases.Loginclass"/>
  <testcase name="fourthcase" time="17.056" classname="testcases.Loginclass"/>
  <testcase name="thirdcase" time="20.176" classname="testcases.Loginclass"/>
  <testcase name="thirdcase" time="16.893" classname="testcases.Loginclass"/>
  <testcase name="secondcase" time="0.0" classname="testcases.Loginclass">
    <ignored/>
  </testcase> <!-- secondcase -->
</testsuite> <!-- Default test -->
